<?xml version="1.0" encoding="UTF-8" ?>
<testsuite failures="0" time="0.013" errors="0" skipped="0" tests="1" name="com.mycompany.test.AppTest">
  <properties>
    <property name="java.runtime.name" value="Java(TM) SE Runtime Environment"/>
    <property name="sun.boot.library.path" value="/usr/lib/jvm/java-6-sun-1.6.0.26/jre/lib/amd64"/>
    <property name="java.vm.version" value="20.1-b02"/>
    <property name="java.vm.vendor" value="Sun Microsystems Inc."/>
    <property name="java.vendor.url" value="http://java.sun.com/"/>
    <property name="path.separator" value=":"/>
    <property name="java.vm.name" value="Java HotSpot(TM) 64-Bit Server VM"/>
    <property name="file.encoding.pkg" value="sun.io"/>
    <property name="user.country" value="US"/>
    <property name="sun.java.launcher" value="SUN_STANDARD"/>
    <property name="sun.os.patch.level" value="unknown"/>
    <property name="java.vm.specification.name" value="Java Virtual Machine Specification"/>
    <property name="user.dir" value="/home/nicolas/Bagger-LC/tools/Test"/>
    <property name="java.runtime.version" value="1.6.0_26-b03"/>
    <property name="java.awt.graphicsenv" value="sun.awt.X11GraphicsEnvironment"/>
    <property name="basedir" value="/home/nicolas/Bagger-LC/tools/Test"/>
    <property name="java.endorsed.dirs" value="/usr/lib/jvm/java-6-sun-1.6.0.26/jre/lib/endorsed"/>
    <property name="os.arch" value="amd64"/>
    <property name="surefire.real.class.path" value="/tmp/surefirebooter7700536303950687511.jar"/>
    <property name="java.io.tmpdir" value="/tmp"/>
    <property name="line.separator" value="
"/>
    <property name="java.vm.specification.vendor" value="Sun Microsystems Inc."/>
    <property name="os.name" value="Linux"/>
    <property name="sun.jnu.encoding" value="UTF-8"/>
    <property name="java.library.path" value="/usr/lib/jvm/java-6-sun-1.6.0.26/jre/lib/amd64/server:/usr/lib/jvm/java-6-sun-1.6.0.26/jre/lib/amd64:/usr/lib/jvm/java-6-sun-1.6.0.26/jre/../lib/amd64:/usr/java/packages/lib/amd64:/usr/lib64:/lib64:/lib:/usr/lib"/>
    <property name="surefire.test.class.path" value="/home/nicolas/Bagger-LC/tools/Test/target/test-classes:/home/nicolas/Bagger-LC/tools/Test/target/classes:/home/nicolas/.m2/repository/junit/junit/3.8.1/junit-3.8.1.jar:/home/nicolas/.m2/repository/log4j/log4j/1.2.17/log4j-1.2.17.jar:/home/nicolas/.m2/repository/eu/medsea/mimeutil/mime-util/2.1.3/mime-util-2.1.3.jar:/home/nicolas/.m2/repository/org/slf4j/slf4j-api/1.5.6/slf4j-api-1.5.6.jar:/home/nicolas/.m2/repository/org/slf4j/slf4j-log4j12/1.5.6/slf4j-log4j12-1.5.6.jar:/home/nicolas/.m2/repository/gov/loc/bagit/3.7/bagit-3.7.jar:/home/nicolas/.m2/repository/commons-logging/commons-logging-api/1.1/commons-logging-api-1.1.jar:/home/nicolas/.m2/repository/commons-logging/commons-logging/1.1.1/commons-logging-1.1.1.jar:/home/nicolas/.m2/repository/commons-io/commons-io/1.4/commons-io-1.4.jar:/home/nicolas/.m2/repository/commons-codec/commons-codec/1.3/commons-codec-1.3.jar:/home/nicolas/.m2/repository/commons-vfs/commons-vfs/1.0/commons-vfs-1.0.jar:/home/nicolas/.m2/repository/commons-httpclient/commons-httpclient/3.1/commons-httpclient-3.1.jar:/home/nicolas/.m2/repository/org/apache/ant/ant/1.7.1/ant-1.7.1.jar:/home/nicolas/.m2/repository/org/apache/ant/ant-launcher/1.7.1/ant-launcher-1.7.1.jar:/home/nicolas/.m2/repository/com/martiansoftware/jsap/2.1/jsap-2.1.jar:/home/nicolas/.m2/repository/dom4j/dom4j/1.6.1/dom4j-1.6.1.jar:/home/nicolas/.m2/repository/xml-apis/xml-apis/1.0.b2/xml-apis-1.0.b2.jar:/home/nicolas/.m2/repository/jaxen/jaxen/1.1.1/jaxen-1.1.1.jar:/home/nicolas/.m2/repository/jdom/jdom/1.0/jdom-1.0.jar:/home/nicolas/.m2/repository/xerces/xercesImpl/2.4.0/xercesImpl-2.4.0.jar:/home/nicolas/.m2/repository/classworlds/classworlds/1.1/classworlds-1.1.jar:/home/nicolas/.m2/repository/commons-net/commons-net/2.0/commons-net-2.0.jar:/home/nicolas/.m2/repository/org/apache/commons/commons-exec/1.0/commons-exec-1.0.jar:/home/nicolas/.m2/repository/com/jgoodies/forms/1.2.1/forms-1.2.1.jar:/home/nicolas/.m2/repository/org/dspace/mets/1.5.2/mets-1.5.2.jar:/home/nicolas/.m2/repository/jmimemagic/jmimemagic/0.1.2/jmimemagic-0.1.2.jar:/home/nicolas/.m2/repository/oro/oro/2.0.8/oro-2.0.8.jar:/home/nicolas/.m2/repository/xml-apis/xmlParserAPIs/2.0.2/xmlParserAPIs-2.0.2.jar:"/>
    <property name="java.specification.name" value="Java Platform API Specification"/>
    <property name="java.class.version" value="50.0"/>
    <property name="sun.management.compiler" value="HotSpot 64-Bit Tiered Compilers"/>
    <property name="os.version" value="2.6.32-41-generic"/>
    <property name="user.home" value="/home/nicolas"/>
    <property name="user.timezone" value=""/>
    <property name="java.awt.printerjob" value="sun.print.PSPrinterJob"/>
    <property name="file.encoding" value="UTF-8"/>
    <property name="java.specification.version" value="1.6"/>
    <property name="user.name" value="nicolas"/>
    <property name="java.class.path" value="/home/nicolas/Bagger-LC/tools/Test/target/test-classes:/home/nicolas/Bagger-LC/tools/Test/target/classes:/home/nicolas/.m2/repository/junit/junit/3.8.1/junit-3.8.1.jar:/home/nicolas/.m2/repository/log4j/log4j/1.2.17/log4j-1.2.17.jar:/home/nicolas/.m2/repository/eu/medsea/mimeutil/mime-util/2.1.3/mime-util-2.1.3.jar:/home/nicolas/.m2/repository/org/slf4j/slf4j-api/1.5.6/slf4j-api-1.5.6.jar:/home/nicolas/.m2/repository/org/slf4j/slf4j-log4j12/1.5.6/slf4j-log4j12-1.5.6.jar:/home/nicolas/.m2/repository/gov/loc/bagit/3.7/bagit-3.7.jar:/home/nicolas/.m2/repository/commons-logging/commons-logging-api/1.1/commons-logging-api-1.1.jar:/home/nicolas/.m2/repository/commons-logging/commons-logging/1.1.1/commons-logging-1.1.1.jar:/home/nicolas/.m2/repository/commons-io/commons-io/1.4/commons-io-1.4.jar:/home/nicolas/.m2/repository/commons-codec/commons-codec/1.3/commons-codec-1.3.jar:/home/nicolas/.m2/repository/commons-vfs/commons-vfs/1.0/commons-vfs-1.0.jar:/home/nicolas/.m2/repository/commons-httpclient/commons-httpclient/3.1/commons-httpclient-3.1.jar:/home/nicolas/.m2/repository/org/apache/ant/ant/1.7.1/ant-1.7.1.jar:/home/nicolas/.m2/repository/org/apache/ant/ant-launcher/1.7.1/ant-launcher-1.7.1.jar:/home/nicolas/.m2/repository/com/martiansoftware/jsap/2.1/jsap-2.1.jar:/home/nicolas/.m2/repository/dom4j/dom4j/1.6.1/dom4j-1.6.1.jar:/home/nicolas/.m2/repository/xml-apis/xml-apis/1.0.b2/xml-apis-1.0.b2.jar:/home/nicolas/.m2/repository/jaxen/jaxen/1.1.1/jaxen-1.1.1.jar:/home/nicolas/.m2/repository/jdom/jdom/1.0/jdom-1.0.jar:/home/nicolas/.m2/repository/xerces/xercesImpl/2.4.0/xercesImpl-2.4.0.jar:/home/nicolas/.m2/repository/classworlds/classworlds/1.1/classworlds-1.1.jar:/home/nicolas/.m2/repository/commons-net/commons-net/2.0/commons-net-2.0.jar:/home/nicolas/.m2/repository/org/apache/commons/commons-exec/1.0/commons-exec-1.0.jar:/home/nicolas/.m2/repository/com/jgoodies/forms/1.2.1/forms-1.2.1.jar:/home/nicolas/.m2/repository/org/dspace/mets/1.5.2/mets-1.5.2.jar:/home/nicolas/.m2/repository/jmimemagic/jmimemagic/0.1.2/jmimemagic-0.1.2.jar:/home/nicolas/.m2/repository/oro/oro/2.0.8/oro-2.0.8.jar:/home/nicolas/.m2/repository/xml-apis/xmlParserAPIs/2.0.2/xmlParserAPIs-2.0.2.jar:"/>
    <property name="java.vm.specification.version" value="1.0"/>
    <property name="sun.arch.data.model" value="64"/>
    <property name="java.home" value="/usr/lib/jvm/java-6-sun-1.6.0.26/jre"/>
    <property name="sun.java.command" value="/tmp/surefirebooter7700536303950687511.jar /tmp/surefire3030889276098856563tmp /tmp/surefire3057492940445740292tmp"/>
    <property name="java.specification.vendor" value="Sun Microsystems Inc."/>
    <property name="user.language" value="en"/>
    <property name="java.vm.info" value="mixed mode"/>
    <property name="java.version" value="1.6.0_26"/>
    <property name="java.ext.dirs" value="/usr/lib/jvm/java-6-sun-1.6.0.26/jre/lib/ext:/usr/java/packages/lib/ext"/>
    <property name="sun.boot.class.path" value="/usr/lib/jvm/java-6-sun-1.6.0.26/jre/lib/resources.jar:/usr/lib/jvm/java-6-sun-1.6.0.26/jre/lib/rt.jar:/usr/lib/jvm/java-6-sun-1.6.0.26/jre/lib/sunrsasign.jar:/usr/lib/jvm/java-6-sun-1.6.0.26/jre/lib/jsse.jar:/usr/lib/jvm/java-6-sun-1.6.0.26/jre/lib/jce.jar:/usr/lib/jvm/java-6-sun-1.6.0.26/jre/lib/charsets.jar:/usr/lib/jvm/java-6-sun-1.6.0.26/jre/lib/modules/jdk.boot.jar:/usr/lib/jvm/java-6-sun-1.6.0.26/jre/classes"/>
    <property name="java.vendor" value="Sun Microsystems Inc."/>
    <property name="localRepository" value="/home/nicolas/.m2/repository"/>
    <property name="file.separator" value="/"/>
    <property name="java.vendor.url.bug" value="http://java.sun.com/cgi-bin/bugreport.cgi"/>
    <property name="sun.cpu.endian" value="little"/>
    <property name="sun.io.unicode.encoding" value="UnicodeLittle"/>
    <property name="sun.desktop" value="gnome"/>
    <property name="sun.cpu.isalist" value=""/>
  </properties>
  <testcase time="0.002" classname="com.mycompany.test.AppTest" name="testApp"/>
</testsuite>